2016-05-06 17:43:54,104 ERROR [24-140469182555904] CommonDB.init_identity_table [cloudsoar], Create identity field,as [no record]
2016-05-06 17:43:54,770 ERROR [24-140469182555904] CommonDB.auto_import_data success, insert [1] record into SMTP
2016-05-06 17:43:54,771 ERROR [24-140469182555904] CommonDB.auto_import_data success, insert [2] record into Storage
2016-05-06 17:43:54,772 ERROR [24-140469182555904] CommonDB.auto_import_data success, insert [1] record into User
2016-05-06 17:43:54,772 ERROR [24-140469182555904] CommonDB.auto_import_data success, insert [0] record into Configure
2016-05-06 17:43:54,908 INFO [24-140469182555904] system install finish
2016-05-06 17:43:55,832 INFO [24-140468738758400] call [netifs] at [1462527835.810014]
2016-05-06 17:43:55,833 INFO [24-140468738758400] uuid:[admin],timestamp:[1462527835630],method:[netifs],args:[('eth0',)]
2016-05-06 17:44:28,814 DEBUG [24-140469182555904] render_POST[{"username":"YWRtaW4=","password":"YWRtaW4="}]
2016-05-06 17:44:28,814 INFO [24-140468738758400] call [login] at [1462527868.814523]
2016-05-06 17:44:28,814 INFO [24-140468738758400] call [login] by green passport
2016-05-06 17:44:29,301 INFO [24-140468738758400] call [netifs] at [1462527869.301526]
2016-05-06 17:44:29,301 INFO [24-140468738758400] uuid:[admin],timestamp:[1462527868300],method:[netifs],args:[()]
2016-05-06 17:44:29,303 INFO [24-140468738758400] call [info] at [1462527869.303549]
2016-05-06 17:44:29,303 INFO [24-140468738758400] uuid:[admin],timestamp:[1462527868296],method:[info],args:[()]
2016-05-06 17:44:29,357 INFO [24-140468516026112] call [version] at [1462527869.357073]
2016-05-06 17:44:29,357 INFO [24-140468516026112] uuid:[admin],timestamp:[1462527868412],method:[version],args:[()]
2016-05-06 17:44:32,560 INFO [24-140468516026112] call [netifs] at [1462527872.560094]
2016-05-06 17:44:32,560 INFO [24-140468516026112] uuid:[admin],timestamp:[1462527871590],method:[netifs],args:[('eth0',)]
2016-05-06 17:44:32,561 ERROR [24-140468516026112] Dispatch.dispatch fail as [netifs() takes exactly 1 argument (2 given)]
2016-05-06 17:44:35,556 INFO [24-140468738758400] call [netifs] at [1462527875.556486]
2016-05-06 17:44:35,556 INFO [24-140468738758400] uuid:[admin],timestamp:[1462527874554],method:[netifs],args:[('eth0',)]
2016-05-06 17:44:35,557 ERROR [24-140468738758400] Dispatch.dispatch fail as [netifs() takes exactly 1 argument (2 given)]
2016-05-06 17:44:38,558 INFO [24-140468516026112] call [netifs] at [1462527878.558697]
2016-05-06 17:44:38,558 INFO [24-140468516026112] uuid:[admin],timestamp:[1462527877527],method:[netifs],args:[('eth0',)]
2016-05-06 17:44:38,559 ERROR [24-140468516026112] Dispatch.dispatch fail as [netifs() takes exactly 1 argument (2 given)]
2016-05-06 17:44:39,192 INFO [24-140468738758400] call [info] at [1462527879.192636]
2016-05-06 17:44:39,192 INFO [24-140468738758400] uuid:[admin],timestamp:[1462527878151],method:[info],args:[()]
2016-05-06 17:44:41,553 INFO [24-140468516026112] call [netifs] at [1462527881.553607]
2016-05-06 17:44:41,553 INFO [24-140468516026112] uuid:[admin],timestamp:[1462527880494],method:[netifs],args:[('eth0',)]
2016-05-06 17:44:41,554 ERROR [24-140468516026112] Dispatch.dispatch fail as [netifs() takes exactly 1 argument (2 given)]
2016-05-06 17:44:44,617 INFO [24-140468738758400] call [info] at [1462527884.617774]
2016-05-06 17:44:44,618 INFO [24-140468738758400] uuid:[admin],timestamp:[1462527883529],method:[info],args:[()]
2016-05-06 17:44:44,624 INFO [24-140468516026112] call [netifs] at [1462527884.624616]
2016-05-06 17:44:44,624 INFO [24-140468516026112] uuid:[admin],timestamp:[1462527883533],method:[netifs],args:[()]
2016-05-06 17:44:44,678 INFO [24-140468738758400] call [version] at [1462527884.678586]
2016-05-06 17:44:44,678 INFO [24-140468738758400] uuid:[admin],timestamp:[1462527883586],method:[version],args:[()]
2016-05-06 17:44:47,802 INFO [24-140468516026112] call [netifs] at [1462527887.802538]
2016-05-06 17:44:47,802 INFO [24-140468516026112] uuid:[admin],timestamp:[1462527886686],method:[netifs],args:[('eth0',)]
2016-05-06 17:44:47,803 ERROR [24-140468516026112] Dispatch.dispatch fail as [netifs() takes exactly 1 argument (2 given)]
2016-05-06 17:44:50,797 INFO [24-140468738758400] call [netifs] at [1462527890.797364]
2016-05-06 17:44:50,797 INFO [24-140468738758400] uuid:[admin],timestamp:[1462527889656],method:[netifs],args:[('eth0',)]
2016-05-06 17:44:50,798 ERROR [24-140468738758400] Dispatch.dispatch fail as [netifs() takes exactly 1 argument (2 given)]
2016-05-06 17:44:53,794 INFO [24-140468516026112] call [netifs] at [1462527893.794662]
2016-05-06 17:44:53,794 INFO [24-140468516026112] uuid:[admin],timestamp:[1462527892629],method:[netifs],args:[('eth0',)]
2016-05-06 17:44:53,795 ERROR [24-140468516026112] Dispatch.dispatch fail as [netifs() takes exactly 1 argument (2 given)]
2016-05-06 17:44:54,590 INFO [24-140468738758400] call [info] at [1462527894.590792]
2016-05-06 17:44:54,591 INFO [24-140468738758400] uuid:[admin],timestamp:[1462527893411],method:[info],args:[()]
2016-05-06 17:44:56,796 INFO [24-140468516026112] call [netifs] at [1462527896.796236]
2016-05-06 17:44:56,796 INFO [24-140468516026112] uuid:[admin],timestamp:[1462527895610],method:[netifs],args:[('eth0',)]
2016-05-06 17:44:56,797 ERROR [24-140468516026112] Dispatch.dispatch fail as [netifs() takes exactly 1 argument (2 given)]
2016-05-06 17:44:59,795 INFO [24-140468738758400] call [netifs] at [1462527899.795153]
2016-05-06 17:44:59,795 INFO [24-140468738758400] uuid:[admin],timestamp:[1462527898591],method:[netifs],args:[('eth0',)]
2016-05-06 17:44:59,796 ERROR [24-140468738758400] Dispatch.dispatch fail as [netifs() takes exactly 1 argument (2 given)]
2016-05-06 17:45:02,809 INFO [24-140468516026112] call [netifs] at [1462527902.809082]
2016-05-06 17:45:02,809 INFO [24-140468516026112] uuid:[admin],timestamp:[1462527901527],method:[netifs],args:[('eth0',)]
2016-05-06 17:45:02,810 ERROR [24-140468516026112] Dispatch.dispatch fail as [netifs() takes exactly 1 argument (2 given)]
2016-05-06 17:45:04,593 INFO [24-140468738758400] call [info] at [1462527904.593835]
2016-05-06 17:45:04,594 INFO [24-140468738758400] uuid:[admin],timestamp:[1462527903304],method:[info],args:[()]
2016-05-06 17:45:05,797 INFO [24-140468516026112] call [netifs] at [1462527905.797839]
2016-05-06 17:45:05,798 INFO [24-140468516026112] uuid:[admin],timestamp:[1462527904490],method:[netifs],args:[('eth0',)]
2016-05-06 17:45:05,799 ERROR [24-140468516026112] Dispatch.dispatch fail as [netifs() takes exactly 1 argument (2 given)]
2016-05-06 17:45:08,793 INFO [24-140468738758400] call [netifs] at [1462527908.793203]
2016-05-06 17:45:08,793 INFO [24-140468738758400] uuid:[admin],timestamp:[1462527907465],method:[netifs],args:[('eth0',)]
2016-05-06 17:45:08,794 ERROR [24-140468738758400] Dispatch.dispatch fail as [netifs() takes exactly 1 argument (2 given)]
2016-05-06 17:45:11,798 INFO [24-140468516026112] call [netifs] at [1462527911.798001]
2016-05-06 17:45:11,798 INFO [24-140468516026112] uuid:[admin],timestamp:[1462527910444],method:[netifs],args:[('eth0',)]
2016-05-06 17:45:11,799 ERROR [24-140468516026112] Dispatch.dispatch fail as [netifs() takes exactly 1 argument (2 given)]
2016-05-06 17:45:14,590 INFO [24-140468738758400] call [info] at [1462527914.590067]
2016-05-06 17:45:14,590 INFO [24-140468738758400] uuid:[admin],timestamp:[1462527913185],method:[info],args:[()]
2016-05-06 17:45:14,792 INFO [24-140468516026112] call [netifs] at [1462527914.792470]
2016-05-06 17:45:14,793 INFO [24-140468516026112] uuid:[admin],timestamp:[1462527913388],method:[netifs],args:[('eth0',)]
2016-05-06 17:45:14,794 ERROR [24-140468516026112] Dispatch.dispatch fail as [netifs() takes exactly 1 argument (2 given)]
2016-05-06 17:45:17,798 INFO [24-140468738758400] call [netifs] at [1462527917.798944]
2016-05-06 17:45:17,799 INFO [24-140468738758400] uuid:[admin],timestamp:[1462527916989],method:[netifs],args:[('eth0',)]
2016-05-06 17:45:17,799 ERROR [24-140468738758400] Dispatch.dispatch fail as [netifs() takes exactly 1 argument (2 given)]
2016-05-06 17:45:20,793 INFO [24-140468516026112] call [netifs] at [1462527920.793434]
2016-05-06 17:45:20,793 INFO [24-140468516026112] uuid:[admin],timestamp:[1462527919954],method:[netifs],args:[('eth0',)]
2016-05-06 17:45:20,794 ERROR [24-140468516026112] Dispatch.dispatch fail as [netifs() takes exactly 1 argument (2 given)]
2016-05-06 17:45:23,799 INFO [24-140468738758400] call [netifs] at [1462527923.799201]
2016-05-06 17:45:23,799 INFO [24-140468738758400] uuid:[admin],timestamp:[1462527922918],method:[netifs],args:[('eth0',)]
2016-05-06 17:45:23,800 ERROR [24-140468738758400] Dispatch.dispatch fail as [netifs() takes exactly 1 argument (2 given)]
2016-05-06 17:45:24,590 INFO [24-140468516026112] call [info] at [1462527924.590642]
2016-05-06 17:45:24,590 INFO [24-140468516026112] uuid:[admin],timestamp:[1462527923697],method:[info],args:[()]
2016-05-06 17:45:26,797 INFO [24-140468738758400] call [netifs] at [1462527926.797474]
2016-05-06 17:45:26,797 INFO [24-140468738758400] uuid:[admin],timestamp:[1462527925899],method:[netifs],args:[('eth0',)]
2016-05-06 17:45:26,798 ERROR [24-140468738758400] Dispatch.dispatch fail as [netifs() takes exactly 1 argument (2 given)]
2016-05-06 17:45:29,798 INFO [24-140468516026112] call [netifs] at [1462527929.798669]
2016-05-06 17:45:29,798 INFO [24-140468516026112] uuid:[admin],timestamp:[1462527928880],method:[netifs],args:[('eth0',)]
2016-05-06 17:45:29,799 ERROR [24-140468516026112] Dispatch.dispatch fail as [netifs() takes exactly 1 argument (2 given)]
2016-05-06 17:45:32,800 INFO [24-140468738758400] call [netifs] at [1462527932.800094]
2016-05-06 17:45:32,800 INFO [24-140468738758400] uuid:[admin],timestamp:[1462527931867],method:[netifs],args:[('eth0',)]
2016-05-06 17:45:32,801 ERROR [24-140468738758400] Dispatch.dispatch fail as [netifs() takes exactly 1 argument (2 given)]
2016-05-06 17:45:34,592 INFO [24-140468516026112] call [info] at [1462527934.592417]
2016-05-06 17:45:34,592 INFO [24-140468516026112] uuid:[admin],timestamp:[1462527933644],method:[info],args:[()]
2016-05-06 17:45:35,792 INFO [24-140468738758400] call [netifs] at [1462527935.792769]
2016-05-06 17:45:35,793 INFO [24-140468738758400] uuid:[admin],timestamp:[1462527934842],method:[netifs],args:[('eth0',)]
2016-05-06 17:45:35,793 ERROR [24-140468738758400] Dispatch.dispatch fail as [netifs() takes exactly 1 argument (2 given)]
2016-05-06 17:45:38,378 INFO [24-140468516026112] call [namespaces] at [1462527938.378476]
2016-05-06 17:45:38,378 INFO [24-140468516026112] uuid:[admin],timestamp:[1462527937347],method:[namespaces],args:[()]
2016-05-06 17:45:38,379 INFO [24-140468738758400] call [repositories] at [1462527938.379773]
2016-05-06 17:45:38,379 INFO [24-140468738758400] uuid:[admin],timestamp:[1462527937356],method:[repositories],args:[('usr', 'admin')]
2016-05-06 17:45:38,406 INFO [24-140468738758400] call [domain] at [1462527938.406547]
2016-05-06 17:45:38,406 INFO [24-140468738758400] uuid:[admin],timestamp:[1462527937411],method:[domain],args:[()]
2016-05-06 17:45:45,675 INFO [24-140468516026112] call [repositories] at [1462527945.675491]
2016-05-06 17:45:45,675 INFO [24-140468516026112] uuid:[admin],timestamp:[1462527944648],method:[repositories],args:[('usr', 'admin')]
2016-05-06 17:45:48,755 INFO [24-140468738758400] call [repositories] at [1462527948.755264]
2016-05-06 17:45:48,755 INFO [24-140468738758400] uuid:[admin],timestamp:[1462527947725],method:[repositories],args:[('usr', 'admin')]
2016-05-06 17:45:50,924 INFO [24-140468516026112] call [namespaces] at [1462527950.924918]
2016-05-06 17:45:50,925 INFO [24-140468516026112] uuid:[admin],timestamp:[1462527949883],method:[namespaces],args:[()]
2016-05-06 17:45:54,104 INFO [24-140468738758400] call [groups] at [1462527954.104681]
2016-05-06 17:45:54,105 INFO [24-140468738758400] uuid:[admin],timestamp:[1462527953054],method:[groups],args:[()]
2016-05-06 17:45:56,241 INFO [24-140468516026112] call [groups] at [1462527956.241500]
2016-05-06 17:45:56,241 INFO [24-140468516026112] uuid:[admin],timestamp:[1462527955183],method:[groups],args:[()]
2016-05-06 17:45:56,251 INFO [24-140468738758400] call [accounts] at [1462527956.251815]
2016-05-06 17:45:56,252 INFO [24-140468738758400] uuid:[admin],timestamp:[1462527955193],method:[accounts],args:[()]
2016-05-06 17:45:59,350 INFO [24-140468516026112] call [info] at [1462527959.350081]
2016-05-06 17:45:59,350 INFO [24-140468516026112] uuid:[admin],timestamp:[1462527958261],method:[info],args:[()]
2016-05-06 17:45:59,353 INFO [24-140468738758400] call [netifs] at [1462527959.353033]
2016-05-06 17:45:59,353 INFO [24-140468738758400] uuid:[admin],timestamp:[1462527958262],method:[netifs],args:[()]
2016-05-06 17:46:02,425 INFO [24-140468516026112] call [netifs] at [1462527962.425179]
2016-05-06 17:46:02,425 INFO [24-140468516026112] uuid:[admin],timestamp:[1462527961298],method:[netifs],args:[('eth0',)]
2016-05-06 17:46:02,426 ERROR [24-140468516026112] Dispatch.dispatch fail as [netifs() takes exactly 1 argument (2 given)]
2016-05-06 17:46:05,421 INFO [24-140468738758400] call [netifs] at [1462527965.421837]
2016-05-06 17:46:05,422 INFO [24-140468738758400] uuid:[admin],timestamp:[1462527964271],method:[netifs],args:[('eth0',)]
2016-05-06 17:46:05,423 ERROR [24-140468738758400] Dispatch.dispatch fail as [netifs() takes exactly 1 argument (2 given)]
2016-05-06 17:46:08,425 INFO [24-140468516026112] call [netifs] at [1462527968.425014]
2016-05-06 17:46:08,425 INFO [24-140468516026112] uuid:[admin],timestamp:[1462527967244],method:[netifs],args:[('eth0',)]
2016-05-06 17:46:08,426 ERROR [24-140468516026112] Dispatch.dispatch fail as [netifs() takes exactly 1 argument (2 given)]
2016-05-06 17:46:09,344 INFO [24-140468738758400] call [info] at [1462527969.344408]
2016-05-06 17:46:09,344 INFO [24-140468738758400] uuid:[admin],timestamp:[1462527968146],method:[info],args:[()]
2016-05-06 17:46:11,428 INFO [24-140468516026112] call [netifs] at [1462527971.428533]
2016-05-06 17:46:11,428 INFO [24-140468516026112] uuid:[admin],timestamp:[1462527970231],method:[netifs],args:[('eth0',)]
2016-05-06 17:46:11,429 ERROR [24-140468516026112] Dispatch.dispatch fail as [netifs() takes exactly 1 argument (2 given)]
2016-05-06 17:46:14,422 INFO [24-140468738758400] call [netifs] at [1462527974.422250]
2016-05-06 17:46:14,422 INFO [24-140468738758400] uuid:[admin],timestamp:[1462527973202],method:[netifs],args:[('eth0',)]
2016-05-06 17:46:14,423 ERROR [24-140468738758400] Dispatch.dispatch fail as [netifs() takes exactly 1 argument (2 given)]
2016-05-06 17:46:17,420 INFO [24-140468516026112] call [netifs] at [1462527977.420905]
2016-05-06 17:46:17,421 INFO [24-140468516026112] uuid:[admin],timestamp:[1462527975077],method:[netifs],args:[('eth0',)]
2016-05-06 17:46:17,421 ERROR [24-140468516026112] Dispatch.dispatch fail as [netifs() takes exactly 1 argument (2 given)]
2016-05-06 17:46:19,344 INFO [24-140468738758400] call [info] at [1462527979.344251]
2016-05-06 17:46:19,344 INFO [24-140468738758400] uuid:[admin],timestamp:[1462527976959],method:[info],args:[()]
2016-05-06 17:46:20,421 INFO [24-140468516026112] call [netifs] at [1462527980.421583]
2016-05-06 17:46:20,421 INFO [24-140468516026112] uuid:[admin],timestamp:[1462527978008],method:[netifs],args:[('eth0',)]
2016-05-06 17:46:20,422 ERROR [24-140468516026112] Dispatch.dispatch fail as [netifs() takes exactly 1 argument (2 given)]
2016-05-06 17:46:23,422 INFO [24-140468738758400] call [netifs] at [1462527983.422188]
2016-05-06 17:46:23,422 INFO [24-140468738758400] uuid:[admin],timestamp:[1462527980911],method:[netifs],args:[('eth0',)]
2016-05-06 17:46:23,423 ERROR [24-140468738758400] Dispatch.dispatch fail as [netifs() takes exactly 1 argument (2 given)]
2016-05-06 17:46:26,419 INFO [24-140468516026112] call [netifs] at [1462527986.419064]
2016-05-06 17:46:26,419 INFO [24-140468516026112] uuid:[admin],timestamp:[1462527983693],method:[netifs],args:[('eth0',)]
2016-05-06 17:46:26,419 ERROR [24-140468516026112] Dispatch.dispatch fail as [netifs() takes exactly 1 argument (2 given)]
2016-05-06 17:46:29,335 INFO [24-140468738758400] call [info] at [1462527989.335562]
2016-05-06 17:46:29,335 INFO [24-140468738758400] uuid:[admin],timestamp:[1462527986536],method:[info],args:[()]
2016-05-06 17:46:29,421 INFO [24-140468516026112] call [netifs] at [1462527989.421874]
2016-05-06 17:46:29,422 INFO [24-140468516026112] uuid:[admin],timestamp:[1462527986620],method:[netifs],args:[('eth0',)]
2016-05-06 17:46:29,422 ERROR [24-140468516026112] Dispatch.dispatch fail as [netifs() takes exactly 1 argument (2 given)]
2016-05-06 17:46:32,420 INFO [24-140468738758400] call [netifs] at [1462527992.420357]
2016-05-06 17:46:32,420 INFO [24-140468738758400] uuid:[admin],timestamp:[1462527989582],method:[netifs],args:[('eth0',)]
2016-05-06 17:46:32,421 ERROR [24-140468738758400] Dispatch.dispatch fail as [netifs() takes exactly 1 argument (2 given)]
2016-05-06 17:46:35,422 INFO [24-140468516026112] call [netifs] at [1462527995.422749]
2016-05-06 17:46:35,423 INFO [24-140468516026112] uuid:[admin],timestamp:[1462527992566],method:[netifs],args:[('eth0',)]
2016-05-06 17:46:35,424 ERROR [24-140468516026112] Dispatch.dispatch fail as [netifs() takes exactly 1 argument (2 given)]
2016-05-06 17:46:38,424 INFO [24-140468738758400] call [netifs] at [1462527998.424414]
2016-05-06 17:46:38,424 INFO [24-140468738758400] uuid:[admin],timestamp:[1462527995543],method:[netifs],args:[('eth0',)]
2016-05-06 17:46:38,426 ERROR [24-140468738758400] Dispatch.dispatch fail as [netifs() takes exactly 1 argument (2 given)]
2016-05-06 17:46:39,338 INFO [24-140468516026112] call [info] at [1462527999.338744]
2016-05-06 17:46:39,339 INFO [24-140468516026112] uuid:[admin],timestamp:[1462527996450],method:[info],args:[()]
2016-05-06 17:46:41,418 INFO [24-140468738758400] call [netifs] at [1462528001.418671]
2016-05-06 17:46:41,418 INFO [24-140468738758400] uuid:[admin],timestamp:[1462527998507],method:[netifs],args:[('eth0',)]
2016-05-06 17:46:41,419 ERROR [24-140468738758400] Dispatch.dispatch fail as [netifs() takes exactly 1 argument (2 given)]
2016-05-06 17:46:44,425 INFO [24-140468516026112] call [netifs] at [1462528004.425713]
2016-05-06 17:46:44,425 INFO [24-140468516026112] uuid:[admin],timestamp:[1462528001489],method:[netifs],args:[('eth0',)]
2016-05-06 17:46:44,426 ERROR [24-140468516026112] Dispatch.dispatch fail as [netifs() takes exactly 1 argument (2 given)]
2016-05-06 17:46:47,420 INFO [24-140468738758400] call [netifs] at [1462528007.420780]
2016-05-06 17:46:47,421 INFO [24-140468738758400] uuid:[admin],timestamp:[1462528004416],method:[netifs],args:[('eth0',)]
2016-05-06 17:46:47,422 ERROR [24-140468738758400] Dispatch.dispatch fail as [netifs() takes exactly 1 argument (2 given)]
2016-05-06 17:46:49,340 INFO [24-140468516026112] call [info] at [1462528009.340647]
2016-05-06 17:46:49,340 INFO [24-140468516026112] uuid:[admin],timestamp:[1462528006301],method:[info],args:[()]
2016-05-06 17:46:50,424 INFO [24-140468738758400] call [netifs] at [1462528010.424087]
2016-05-06 17:46:50,424 INFO [24-140468738758400] uuid:[admin],timestamp:[1462528007366],method:[netifs],args:[('eth0',)]
2016-05-06 17:46:50,424 ERROR [24-140468738758400] Dispatch.dispatch fail as [netifs() takes exactly 1 argument (2 given)]
2016-05-06 17:46:53,424 INFO [24-140468516026112] call [netifs] at [1462528013.424591]
2016-05-06 17:46:53,424 INFO [24-140468516026112] uuid:[admin],timestamp:[1462528010340],method:[netifs],args:[('eth0',)]
2016-05-06 17:46:53,425 ERROR [24-140468516026112] Dispatch.dispatch fail as [netifs() takes exactly 1 argument (2 given)]
2016-05-06 17:46:56,419 INFO [24-140468738758400] call [netifs] at [1462528016.419043]
2016-05-06 17:46:56,419 INFO [24-140468738758400] uuid:[admin],timestamp:[1462528013311],method:[netifs],args:[('eth0',)]
2016-05-06 17:46:56,420 ERROR [24-140468738758400] Dispatch.dispatch fail as [netifs() takes exactly 1 argument (2 given)]
2016-05-06 17:46:59,335 INFO [24-140468516026112] call [info] at [1462528019.335227]
2016-05-06 17:46:59,335 INFO [24-140468516026112] uuid:[admin],timestamp:[1462528016209],method:[info],args:[()]
2016-05-06 17:46:59,418 INFO [24-140468738758400] call [netifs] at [1462528019.418857]
2016-05-06 17:46:59,419 INFO [24-140468738758400] uuid:[admin],timestamp:[1462528016292],method:[netifs],args:[('eth0',)]
2016-05-06 17:46:59,419 ERROR [24-140468738758400] Dispatch.dispatch fail as [netifs() takes exactly 1 argument (2 given)]
2016-05-06 17:47:02,421 INFO [24-140468516026112] call [netifs] at [1462528022.421336]
2016-05-06 17:47:02,421 INFO [24-140468516026112] uuid:[admin],timestamp:[1462528019276],method:[netifs],args:[('eth0',)]
2016-05-06 17:47:02,422 ERROR [24-140468516026112] Dispatch.dispatch fail as [netifs() takes exactly 1 argument (2 given)]
2016-05-06 17:47:05,423 INFO [24-140468738758400] call [netifs] at [1462528025.423953]
2016-05-06 17:47:05,424 INFO [24-140468738758400] uuid:[admin],timestamp:[1462528022235],method:[netifs],args:[('eth0',)]
2016-05-06 17:47:05,425 ERROR [24-140468738758400] Dispatch.dispatch fail as [netifs() takes exactly 1 argument (2 given)]
2016-05-06 17:47:08,420 INFO [24-140468516026112] call [netifs] at [1462528028.420742]
2016-05-06 17:47:08,421 INFO [24-140468516026112] uuid:[admin],timestamp:[1462528025209],method:[netifs],args:[('eth0',)]
2016-05-06 17:47:08,421 ERROR [24-140468516026112] Dispatch.dispatch fail as [netifs() takes exactly 1 argument (2 given)]
2016-05-06 17:47:09,341 INFO [24-140468738758400] call [info] at [1462528029.341296]
2016-05-06 17:47:09,341 INFO [24-140468738758400] uuid:[admin],timestamp:[1462528026113],method:[info],args:[()]
2016-05-06 17:47:11,425 INFO [24-140468516026112] call [netifs] at [1462528031.425639]
2016-05-06 17:47:11,425 INFO [24-140468516026112] uuid:[admin],timestamp:[1462528028195],method:[netifs],args:[('eth0',)]
2016-05-06 17:47:11,426 ERROR [24-140468516026112] Dispatch.dispatch fail as [netifs() takes exactly 1 argument (2 given)]
2016-05-06 17:47:14,423 INFO [24-140468738758400] call [netifs] at [1462528034.423792]
2016-05-06 17:47:14,424 INFO [24-140468738758400] uuid:[admin],timestamp:[1462528031157],method:[netifs],args:[('eth0',)]
2016-05-06 17:47:14,424 ERROR [24-140468738758400] Dispatch.dispatch fail as [netifs() takes exactly 1 argument (2 given)]
2016-05-06 17:47:17,420 INFO [24-140468516026112] call [netifs] at [1462528037.420266]
2016-05-06 17:47:17,420 INFO [24-140468516026112] uuid:[admin],timestamp:[1462528034130],method:[netifs],args:[('eth0',)]
2016-05-06 17:47:17,421 ERROR [24-140468516026112] Dispatch.dispatch fail as [netifs() takes exactly 1 argument (2 given)]
2016-05-06 17:47:19,339 INFO [24-140468738758400] call [info] at [1462528039.339872]
2016-05-06 17:47:19,340 INFO [24-140468738758400] uuid:[admin],timestamp:[1462528042824],method:[info],args:[()]
2016-05-06 17:47:20,425 INFO [24-140468516026112] call [netifs] at [1462528040.425617]
2016-05-06 17:47:20,425 INFO [24-140468516026112] uuid:[admin],timestamp:[1462528043882],method:[netifs],args:[('eth0',)]
2016-05-06 17:47:20,426 ERROR [24-140468516026112] Dispatch.dispatch fail as [netifs() takes exactly 1 argument (2 given)]
2016-05-06 17:47:23,424 INFO [24-140468738758400] call [netifs] at [1462528043.424530]
2016-05-06 17:47:23,424 INFO [24-140468738758400] uuid:[admin],timestamp:[1462528046854],method:[netifs],args:[('eth0',)]
2016-05-06 17:47:23,425 ERROR [24-140468738758400] Dispatch.dispatch fail as [netifs() takes exactly 1 argument (2 given)]
2016-05-06 17:47:26,425 INFO [24-140468516026112] call [netifs] at [1462528046.425653]
2016-05-06 17:47:26,425 INFO [24-140468516026112] uuid:[admin],timestamp:[1462528049836],method:[netifs],args:[('eth0',)]
2016-05-06 17:47:26,426 ERROR [24-140468516026112] Dispatch.dispatch fail as [netifs() takes exactly 1 argument (2 given)]
2016-05-06 17:47:29,338 INFO [24-140468738758400] call [info] at [1462528049.338279]
2016-05-06 17:47:29,338 INFO [24-140468738758400] uuid:[admin],timestamp:[1462528052723],method:[info],args:[()]
2016-05-06 17:47:29,417 INFO [24-140468516026112] call [netifs] at [1462528049.417203]
2016-05-06 17:47:29,417 INFO [24-140468516026112] uuid:[admin],timestamp:[1462528052802],method:[netifs],args:[('eth0',)]
2016-05-06 17:47:29,418 ERROR [24-140468516026112] Dispatch.dispatch fail as [netifs() takes exactly 1 argument (2 given)]
2016-05-06 17:47:32,423 INFO [24-140468738758400] call [netifs] at [1462528052.423641]
2016-05-06 17:47:32,423 INFO [24-140468738758400] uuid:[admin],timestamp:[1462528055783],method:[netifs],args:[('eth0',)]
2016-05-06 17:47:32,424 ERROR [24-140468738758400] Dispatch.dispatch fail as [netifs() takes exactly 1 argument (2 given)]
2016-05-06 17:47:35,426 INFO [24-140468516026112] call [netifs] at [1462528055.426306]
2016-05-06 17:47:35,427 INFO [24-140468516026112] uuid:[admin],timestamp:[1462528058745],method:[netifs],args:[('eth0',)]
2016-05-06 17:47:35,428 ERROR [24-140468516026112] Dispatch.dispatch fail as [netifs() takes exactly 1 argument (2 given)]
2016-05-06 17:47:38,424 INFO [24-140468738758400] call [netifs] at [1462528058.424823]
2016-05-06 17:47:38,425 INFO [24-140468738758400] uuid:[admin],timestamp:[1462528061728],method:[netifs],args:[('eth0',)]
2016-05-06 17:47:38,425 ERROR [24-140468738758400] Dispatch.dispatch fail as [netifs() takes exactly 1 argument (2 given)]
2016-05-06 17:47:39,341 INFO [24-140468516026112] call [info] at [1462528059.341299]
2016-05-06 17:47:39,341 INFO [24-140468516026112] uuid:[admin],timestamp:[1462528062628],method:[info],args:[()]
2016-05-06 17:47:41,423 INFO [24-140468738758400] call [netifs] at [1462528061.423416]
2016-05-06 17:47:41,423 INFO [24-140468738758400] uuid:[admin],timestamp:[1462528064698],method:[netifs],args:[('eth0',)]
2016-05-06 17:47:41,424 ERROR [24-140468738758400] Dispatch.dispatch fail as [netifs() takes exactly 1 argument (2 given)]
2016-05-06 17:47:44,414 INFO [24-140468516026112] call [netifs] at [1462528064.414785]
2016-05-06 17:47:44,415 INFO [24-140468516026112] uuid:[admin],timestamp:[1462528067660],method:[netifs],args:[('eth0',)]
2016-05-06 17:47:44,415 ERROR [24-140468516026112] Dispatch.dispatch fail as [netifs() takes exactly 1 argument (2 given)]
2016-05-06 17:47:47,419 INFO [24-140468738758400] call [netifs] at [1462528067.419734]
2016-05-06 17:47:47,419 INFO [24-140468738758400] uuid:[admin],timestamp:[1462528070650],method:[netifs],args:[('eth0',)]
2016-05-06 17:47:47,420 ERROR [24-140468738758400] Dispatch.dispatch fail as [netifs() takes exactly 1 argument (2 given)]
2016-05-06 17:47:49,341 INFO [24-140468516026112] call [info] at [1462528069.341696]
2016-05-06 17:47:49,341 INFO [24-140468516026112] uuid:[admin],timestamp:[1462528072556],method:[info],args:[()]
2016-05-06 17:47:50,419 INFO [24-140468738758400] call [netifs] at [1462528070.419832]
2016-05-06 17:47:50,420 INFO [24-140468738758400] uuid:[admin],timestamp:[1462528073624],method:[netifs],args:[('eth0',)]
2016-05-06 17:47:50,420 ERROR [24-140468738758400] Dispatch.dispatch fail as [netifs() takes exactly 1 argument (2 given)]
2016-05-06 17:47:53,420 INFO [24-140468516026112] call [netifs] at [1462528073.420324]
2016-05-06 17:47:53,420 INFO [24-140468516026112] uuid:[admin],timestamp:[1462528076596],method:[netifs],args:[('eth0',)]
2016-05-06 17:47:53,421 ERROR [24-140468516026112] Dispatch.dispatch fail as [netifs() takes exactly 1 argument (2 given)]
2016-05-06 17:47:56,421 INFO [24-140468738758400] call [netifs] at [1462528076.421083]
2016-05-06 17:47:56,421 INFO [24-140468738758400] uuid:[admin],timestamp:[1462528079584],method:[netifs],args:[('eth0',)]
2016-05-06 17:47:56,422 ERROR [24-140468738758400] Dispatch.dispatch fail as [netifs() takes exactly 1 argument (2 given)]
2016-05-06 17:47:59,336 INFO [24-140468516026112] call [info] at [1462528079.336288]
2016-05-06 17:47:59,336 INFO [24-140468516026112] uuid:[admin],timestamp:[1462528082480],method:[info],args:[()]
2016-05-06 17:47:59,420 INFO [24-140468738758400] call [netifs] at [1462528079.420334]
2016-05-06 17:47:59,420 INFO [24-140468738758400] uuid:[admin],timestamp:[1462528082563],method:[netifs],args:[('eth0',)]
2016-05-06 17:47:59,421 ERROR [24-140468738758400] Dispatch.dispatch fail as [netifs() takes exactly 1 argument (2 given)]
2016-05-06 17:48:02,425 INFO [24-140468516026112] call [netifs] at [1462528082.425235]
2016-05-06 17:48:02,425 INFO [24-140468516026112] uuid:[admin],timestamp:[1462528085549],method:[netifs],args:[('eth0',)]
2016-05-06 17:48:02,426 ERROR [24-140468516026112] Dispatch.dispatch fail as [netifs() takes exactly 1 argument (2 given)]
2016-05-06 17:48:05,421 INFO [24-140468738758400] call [netifs] at [1462528085.421443]
2016-05-06 17:48:05,421 INFO [24-140468738758400] uuid:[admin],timestamp:[1462528088534],method:[netifs],args:[('eth0',)]
2016-05-06 17:48:05,422 ERROR [24-140468738758400] Dispatch.dispatch fail as [netifs() takes exactly 1 argument (2 given)]
2016-05-06 17:48:08,423 INFO [24-140468516026112] call [netifs] at [1462528088.423555]
2016-05-06 17:48:08,423 INFO [24-140468516026112] uuid:[admin],timestamp:[1462528091528],method:[netifs],args:[('eth0',)]
2016-05-06 17:48:08,424 ERROR [24-140468516026112] Dispatch.dispatch fail as [netifs() takes exactly 1 argument (2 given)]
2016-05-06 17:48:09,343 INFO [24-140468738758400] call [info] at [1462528089.343139]
2016-05-06 17:48:09,343 INFO [24-140468738758400] uuid:[admin],timestamp:[1462528092427],method:[info],args:[()]
2016-05-06 17:48:11,423 INFO [24-140468516026112] call [netifs] at [1462528091.423788]
2016-05-06 17:48:11,424 INFO [24-140468516026112] uuid:[admin],timestamp:[1462528094504],method:[netifs],args:[('eth0',)]
2016-05-06 17:48:11,424 ERROR [24-140468516026112] Dispatch.dispatch fail as [netifs() takes exactly 1 argument (2 given)]
2016-05-06 17:48:14,423 INFO [24-140468738758400] call [netifs] at [1462528094.423702]
2016-05-06 17:48:14,423 INFO [24-140468738758400] uuid:[admin],timestamp:[1462528097491],method:[netifs],args:[('eth0',)]
2016-05-06 17:48:14,424 ERROR [24-140468738758400] Dispatch.dispatch fail as [netifs() takes exactly 1 argument (2 given)]
2016-05-06 17:48:17,418 INFO [24-140468516026112] call [netifs] at [1462528097.418481]
2016-05-06 17:48:17,419 INFO [24-140468516026112] uuid:[admin],timestamp:[1462528100456],method:[netifs],args:[('eth0',)]
2016-05-06 17:48:17,420 ERROR [24-140468516026112] Dispatch.dispatch fail as [netifs() takes exactly 1 argument (2 given)]
2016-05-06 17:48:19,341 INFO [24-140468738758400] call [info] at [1462528099.341737]
2016-05-06 17:48:19,342 INFO [24-140468738758400] uuid:[admin],timestamp:[1462528099128],method:[info],args:[()]
2016-05-06 17:48:20,425 INFO [24-140468516026112] call [netifs] at [1462528100.425375]
2016-05-06 17:48:20,425 INFO [24-140468516026112] uuid:[admin],timestamp:[1462528100205],method:[netifs],args:[('eth0',)]
2016-05-06 17:48:20,426 ERROR [24-140468516026112] Dispatch.dispatch fail as [netifs() takes exactly 1 argument (2 given)]
2016-05-06 17:48:23,427 INFO [24-140468738758400] call [netifs] at [1462528103.427345]
2016-05-06 17:48:23,427 INFO [24-140468738758400] uuid:[admin],timestamp:[1462528103181],method:[netifs],args:[('eth0',)]
2016-05-06 17:48:23,428 ERROR [24-140468738758400] Dispatch.dispatch fail as [netifs() takes exactly 1 argument (2 given)]
